0 info it worked if it ends with ok
1 verbose cli [ '/home/ec2-user/.nvm/versions/node/v6.16.0/bin/node',
1 verbose cli   '/home/ec2-user/.nvm/versions/node/v6.16.0/bin/npm',
1 verbose cli   'run',
1 verbose cli   'server-dev' ]
2 info using npm@3.10.10
3 info using node@v6.16.0
4 verbose run-script [ 'preserver-dev', 'server-dev', 'postserver-dev' ]
5 info lifecycle api-auth@1.0.0~preserver-dev: api-auth@1.0.0
6 silly lifecycle api-auth@1.0.0~preserver-dev: no script for preserver-dev, continuing
7 info lifecycle api-auth@1.0.0~server-dev: api-auth@1.0.0
8 verbose lifecycle api-auth@1.0.0~server-dev: unsafe-perm in lifecycle true
9 verbose lifecycle api-auth@1.0.0~server-dev: PATH: /home/ec2-user/.nvm/versions/node/v6.16.0/lib/node_modules/npm/bin/node-gyp-bin:/home/ec2-user/environment/graham-portal/node_modules/.bin:/home/ec2-user/.rvm/gems/ruby-2.5.3/bin:/home/ec2-user/.rvm/gems/ruby-2.5.3@global/bin:/home/ec2-user/.rvm/rubies/ruby-2.5.3/bin:/home/ec2-user/.nvm/versions/node/v6.16.0/bin:/usr/local/bin:/bin:/usr/bin:/home/ec2-user/.local/bin:/home/ec2-user/bin:/usr/local/sbin:/usr/sbin:/sbin:/opt/aws/bin:/home/ec2-user/.local/bin:/home/ec2-user/bin:/home/ec2-user/.local/bin:/home/ec2-user/bin:/home/ec2-user/.rvm/bin
10 verbose lifecycle api-auth@1.0.0~server-dev: CWD: /home/ec2-user/environment/graham-portal
11 silly lifecycle api-auth@1.0.0~server-dev: Args: [ '-c', 'cross-env NODE_ENV=prod nodemon server/index.js' ]
12 info lifecycle api-auth@1.0.0~server-dev: Failed to exec server-dev script
13 verbose stack Error: api-auth@1.0.0 server-dev: `cross-env NODE_ENV=prod nodemon server/index.js`
13 verbose stack spawn ENOENT
13 verbose stack     at ChildProcess.<anonymous> (/home/ec2-user/.nvm/versions/node/v6.16.0/lib/node_modules/npm/lib/utils/spawn.js:33:16)
13 verbose stack     at emitTwo (events.js:106:13)
13 verbose stack     at ChildProcess.emit (events.js:191:7)
13 verbose stack     at maybeClose (internal/child_process.js:920:16)
13 verbose stack     at Process.ChildProcess._handle.onexit (internal/child_process.js:230:5)
14 verbose pkgid api-auth@1.0.0
15 verbose cwd /home/ec2-user/environment/graham-portal
16 error Linux 4.14.88-72.76.amzn1.x86_64
17 error argv "/home/ec2-user/.nvm/versions/node/v6.16.0/bin/node" "/home/ec2-user/.nvm/versions/node/v6.16.0/bin/npm" "run" "server-dev"
18 error node v6.16.0
19 error npm  v3.10.10
20 error file sh
21 error code ELIFECYCLE
22 error errno ENOENT
23 error syscall spawn
24 error api-auth@1.0.0 server-dev: `cross-env NODE_ENV=prod nodemon server/index.js`
24 error spawn ENOENT
25 error Failed at the api-auth@1.0.0 server-dev script 'cross-env NODE_ENV=prod nodemon server/index.js'.
25 error Make sure you have the latest version of node.js and npm installed.
25 error If you do, this is most likely a problem with the api-auth package,
25 error not with npm itself.
25 error Tell the author that this fails on your system:
25 error     cross-env NODE_ENV=prod nodemon server/index.js
25 error You can get information on how to open an issue for this project with:
25 error     npm bugs api-auth
25 error Or if that isn't available, you can get their info via:
25 error     npm owner ls api-auth
25 error There is likely additional logging output above.
26 verbose exit [ 1, true ]
